Loading openmpi/4.1.6--gcc--12.2.0
  Loading requirement: gcc/12.2.0
Fri May 16 15:31:53 CEST 2025
Training set has 1000 entries.
Validation set has 1000 entries.
rcut = 5.0
pureflag = true

Creating basis
i = 1, ord = 2, degrees = [40, 10]

basis_bin["border3"] created.

i = 2, ord = 3, degrees = [40, 10, 9]

basis_bin["border4"] created.

i = 3, ord = 4, degrees = [40, 10, 9, 8]

basis_bin["border5"] created.


Assigning offset
Vref: OneBody{Float64}(Dict(:C => -245.44385736))

Assigning weights
Weights: Dict("shaiducarbon" => Dict("E" => 50.0, "F" => 1.0))

Constructing linear problem elements

Assembling linear problem: A, Y, W for basis_bin["border3"]
Creating prior
Creating solver
Solving linear problem
Iter     Function value   Gradient norm 
     0     1.900403e+05     2.185878e+05
 * time: 0.014832019805908203
     1     1.666476e+05     7.064470e+03
 * time: 0.7923159599304199
     2     1.255295e+05     2.488971e+03
 * time: 0.8114099502563477
     3     1.254941e+05     2.222334e+03
 * time: 0.8186788558959961
     4     1.253672e+05     1.088759e+02
 * time: 0.8235788345336914
     5     1.253652e+05     2.577876e+02
 * time: 0.8331599235534668
     6     1.253335e+05     3.262213e+02
 * time: 0.8451368808746338
     7     1.253305e+05     3.158917e+01
 * time: 0.8524398803710938
     8     1.253296e+05     4.094043e+00
 * time: 0.8659119606018066
     9     1.253296e+05     4.287295e-04
 * time: 0.8697249889373779
    10     1.253296e+05     3.945549e-06
 * time: 0.8753628730773926
    11     1.253296e+05     9.662237e-06
 * time: 0.8828408718109131
    12     1.253296e+05     1.447614e-05
 * time: 0.8866610527038574
    13     1.253296e+05     9.172758e-06
 * time: 0.8904519081115723
 * Status: success

 * Candidate solution
    Final objective value:     1.253296e+05

 * Found with
    Algorithm:     L-BFGS

 * Convergence measures
    |x - x'|               = 6.76e-09 ≤ 1.0e-08
    |x - x'|/|x'|          = 2.93e-09 ≰ 0.0e+00
    |f(x) - f(x')|         = 1.04e-04 ≰ 0.0e+00
    |f(x) - f(x')|/|f(x')| = 8.31e-10 ≰ 0.0e+00
    |g(x)|                 = 9.17e-06 ≰ 0.0e+00

 * Work counters
    Seconds run:   1  (vs limit Inf)
    Iterations:    13
    f(x) calls:    74
    ∇f(x) calls:   74

Saving potential to file acejulia/Tr1k_n_purify/border3/potential.json

Assembling linear problem: A, Y, W for basis_bin["border4"]
Creating prior
Creating solver
Solving linear problem
Iter     Function value   Gradient norm 
     0     1.519559e+05     1.420129e+05
 * time: 5.0067901611328125e-6
     1     1.446927e+05     1.002869e+04
 * time: 0.1777210235595703
     2     1.238356e+05     1.115806e+04
 * time: 0.24744892120361328
     3     1.165726e+05     3.097130e+03
 * time: 0.26982998847961426
     4     1.164045e+05     9.307214e+02
 * time: 0.2787940502166748
     5     1.163897e+05     1.103038e+02
 * time: 0.28789710998535156
     6     1.163739e+05     6.035796e+02
 * time: 0.3096771240234375
     7     1.163665e+05     8.096601e+01
 * time: 0.3228120803833008
     8     1.163656e+05     5.187947e+01
 * time: 0.33707213401794434
     9     1.163655e+05     5.703093e-01
 * time: 0.3551909923553467
    10     1.163655e+05     1.590806e-02
 * time: 0.37360310554504395
    11     1.163655e+05     8.895915e-04
 * time: 0.3937990665435791
    12     1.163655e+05     5.980944e-04
 * time: 0.43046092987060547
    13     1.163655e+05     8.554778e-04
 * time: 0.4438300132751465
    14     1.163655e+05     1.150745e-03
 * time: 0.45264506340026855
    15     1.163655e+05     2.861434e-04
 * time: 0.4658370018005371
    16     1.163655e+05     4.502790e-04
 * time: 0.4788529872894287
    17     1.163655e+05     8.191141e-04
 * time: 0.4919400215148926
    18     1.163655e+05     1.115851e-03
 * time: 0.5048589706420898
    19     1.163655e+05     8.194114e-04
 * time: 0.513538122177124
    20     1.163655e+05     3.147741e-03
 * time: 0.5524311065673828
    21     1.163655e+05     4.130397e-03
 * time: 0.5789010524749756
    22     1.163655e+05     3.146990e-03
 * time: 0.5895271301269531
    23     1.163655e+05     6.394669e-04
 * time: 0.5982711315155029
    24     1.163655e+05     3.610423e-03
 * time: 0.6071960926055908
    25     1.163655e+05     1.562955e-03
 * time: 0.6163489818572998
    26     1.163655e+05     2.989237e-03
 * time: 0.6465330123901367
    27     1.163655e+05     1.018950e-03
 * time: 0.6552951335906982
    28     1.163655e+05     4.170986e-04
 * time: 0.6641139984130859
    29     1.163655e+05     1.126931e-04
 * time: 0.6730201244354248
    30     1.163655e+05     1.460030e-04
 * time: 0.681765079498291
 * Status: success

 * Candidate solution
    Final objective value:     1.163655e+05

 * Found with
    Algorithm:     L-BFGS

 * Convergence measures
    |x - x'|               = 1.94e-09 ≤ 1.0e-08
    |x - x'|/|x'|          = 1.03e-09 ≰ 0.0e+00
    |f(x) - f(x')|         = 2.04e-03 ≰ 0.0e+00
    |f(x) - f(x')|/|f(x')| = 1.75e-08 ≰ 0.0e+00
    |g(x)|                 = 1.46e-04 ≰ 0.0e+00

 * Work counters
    Seconds run:   1  (vs limit Inf)
    Iterations:    30
    f(x) calls:    137
    ∇f(x) calls:   137

Saving potential to file acejulia/Tr1k_n_purify/border4/potential.json

Assembling linear problem: A, Y, W for basis_bin["border5"]
Creating prior
Creating solver
Solving linear problem
Iter     Function value   Gradient norm 
     0     1.435035e+05     1.248595e+05
 * time: 5.0067901611328125e-6
     1     1.382718e+05     1.102328e+04
 * time: 0.1673121452331543
     2     1.232765e+05     1.194338e+04
 * time: 0.19067001342773438
     3     1.139777e+05     1.334392e+03
 * time: 0.29424405097961426
     4     1.139504e+05     1.672170e+02
 * time: 0.30379819869995117
     5     1.139498e+05     8.331879e+01
 * time: 0.31799912452697754
     6     1.139351e+05     2.155851e+02
 * time: 0.34323620796203613
     7     1.139323e+05     1.192923e+02
 * time: 0.3545701503753662
     8     1.139316e+05     7.037681e+01
 * time: 0.36591005325317383
     9     1.139315e+05     6.550900e-01
 * time: 0.37726616859436035
    10     1.139315e+05     1.118023e-02
 * time: 0.3854210376739502
    11     1.139315e+05     1.521576e-03
 * time: 0.4040951728820801
    12     1.139315e+05     2.841783e-03
 * time: 0.4189450740814209
    13     1.139315e+05     1.408561e-03
 * time: 0.4492800235748291
    14     1.139315e+05     7.477648e-04
 * time: 0.46839308738708496
    15     1.139315e+05     5.552056e-03
 * time: 0.48856616020202637
    16     1.139315e+05     2.531539e-04
 * time: 0.5033972263336182
    17     1.139315e+05     5.094672e-03
 * time: 0.5109272003173828
    18     1.139315e+05     4.119161e-03
 * time: 0.5184521675109863
    19     1.139315e+05     1.685418e-03
 * time: 0.5259292125701904
    20     1.139315e+05     9.131626e-04
 * time: 0.5370790958404541
    21     1.139315e+05     4.140330e-03
 * time: 0.5445451736450195
    22     1.139315e+05     1.584266e-03
 * time: 0.562859058380127
    23     1.139315e+05     2.031090e-03
 * time: 0.5703871250152588
    24     1.139315e+05     2.077129e-03
 * time: 0.5777981281280518
 * Status: success

 * Candidate solution
    Final objective value:     1.139315e+05

 * Found with
    Algorithm:     L-BFGS

 * Convergence measures
    |x - x'|               = 3.33e-09 ≤ 1.0e-08
    |x - x'|/|x'|          = 1.86e-09 ≰ 0.0e+00
    |f(x) - f(x')|         = 8.69e-03 ≰ 0.0e+00
    |f(x) - f(x')|/|f(x')| = 7.63e-08 ≰ 0.0e+00
    |g(x)|                 = 2.08e-03 ≰ 0.0e+00

 * Work counters
    Seconds run:   1  (vs limit Inf)
    Iterations:    24
    f(x) calls:    138
    ∇f(x) calls:   138

Saving potential to file acejulia/Tr1k_n_purify/border5/potential.json

Assigning offset
Vref: OneBody{Float64}(Dict(:C => -245.44385736))

Assigning weights
Weights: Dict("shaiducarbon" => Dict("E" => 50.0, "F" => 1.0))
Loading potential from acejulia/Tr1k_n_purify/border3/potential.json.

This potential was saved with following versions:

JuLIP v0.14.8
ACEbase v0.4.4
ACE1x v0.1.11
ACE1 v0.12.5
ACEmd v0.1.17
ACEpotentials v0.6.7
ACEfit v0.1.5

If you have problems with using this potential, pin your installation to above versions.

┌──────────────┬─────────┬──────────┬─────────┐
│         Type │ E [meV] │ F [eV/A] │ V [meV] │
├──────────────┼─────────┼──────────┼─────────┤
│ shaiducarbon │  70.342 │    0.977 │   0.000 │
├──────────────┼─────────┼──────────┼─────────┤
│          set │  70.342 │    0.977 │   0.000 │
└──────────────┴─────────┴──────────┴─────────┘
┌──────────────┬─────────┬──────────┬─────────┐
│         Type │ E [meV] │ F [eV/A] │ V [meV] │
├──────────────┼─────────┼──────────┼─────────┤
│ shaiducarbon │  49.954 │    0.685 │   0.000 │
├──────────────┼─────────┼──────────┼─────────┤
│          set │  49.954 │    0.685 │   0.000 │
└──────────────┴─────────┴──────────┴─────────┘
Writing errors to acejulia/Tr1k_n_purify/border3/errors.dat.
Writing dimer curves to acejulia/Tr1k_n_purify/border3/dimercurve.dat.
Loading potential from acejulia/Tr1k_n_purify/border4/potential.json.

This potential was saved with following versions:

JuLIP v0.14.8
ACEbase v0.4.4
ACE1x v0.1.11
ACE1 v0.12.5
ACEmd v0.1.17
ACEpotentials v0.6.7
ACEfit v0.1.5

If you have problems with using this potential, pin your installation to above versions.

┌──────────────┬─────────┬──────────┬─────────┐
│         Type │ E [meV] │ F [eV/A] │ V [meV] │
├──────────────┼─────────┼──────────┼─────────┤
│ shaiducarbon │  58.186 │    0.923 │   0.000 │
├──────────────┼─────────┼──────────┼─────────┤
│          set │  58.186 │    0.923 │   0.000 │
└──────────────┴─────────┴──────────┴─────────┘
┌──────────────┬─────────┬──────────┬─────────┐
│         Type │ E [meV] │ F [eV/A] │ V [meV] │
├──────────────┼─────────┼──────────┼─────────┤
│ shaiducarbon │  40.157 │    0.650 │   0.000 │
├──────────────┼─────────┼──────────┼─────────┤
│          set │  40.157 │    0.650 │   0.000 │
└──────────────┴─────────┴──────────┴─────────┘
Writing errors to acejulia/Tr1k_n_purify/border4/errors.dat.
Writing dimer curves to acejulia/Tr1k_n_purify/border4/dimercurve.dat.
Loading potential from acejulia/Tr1k_n_purify/border5/potential.json.

This potential was saved with following versions:

JuLIP v0.14.8
ACEbase v0.4.4
ACE1x v0.1.11
ACE1 v0.12.5
ACEmd v0.1.17
ACEpotentials v0.6.7
ACEfit v0.1.5

If you have problems with using this potential, pin your installation to above versions.

┌──────────────┬─────────┬──────────┬─────────┐
│         Type │ E [meV] │ F [eV/A] │ V [meV] │
├──────────────┼─────────┼──────────┼─────────┤
│ shaiducarbon │  55.063 │    0.911 │   0.000 │
├──────────────┼─────────┼──────────┼─────────┤
│          set │  55.063 │    0.911 │   0.000 │
└──────────────┴─────────┴──────────┴─────────┘
┌──────────────┬─────────┬──────────┬─────────┐
│         Type │ E [meV] │ F [eV/A] │ V [meV] │
├──────────────┼─────────┼──────────┼─────────┤
│ shaiducarbon │  37.926 │    0.647 │   0.000 │
├──────────────┼─────────┼──────────┼─────────┤
│          set │  37.926 │    0.647 │   0.000 │
└──────────────┴─────────┴──────────┴─────────┘
Writing errors to acejulia/Tr1k_n_purify/border5/errors.dat.
Writing dimer curves to acejulia/Tr1k_n_purify/border5/dimercurve.dat.
Fri May 16 15:46:18 CEST 2025
