Loading openmpi/4.1.6--gcc--12.2.0
  Loading requirement: gcc/12.2.0
Thu Jun  5 23:16:20 CEST 2025
Running with training set datasets/Si345.xyz
Training dataset taken from datasets/Si345.xyz.
rcut = 6.0
Are we using the purification procedure: true.
(with Fcost = 1.0), Ecost = 50.0.

Assigning offset.
Vref: OneBody{Float64}(Dict(:Si => -7881.32677981122))
Assigning weights.
Weights: Dict("default" => Dict("E" => 50.0, "F" => 1.0))

Creating basis for order 2, with per-correlation degrees [24, 20].
r0 = 2.20707071, rcut = 6.0.
Basis for 24.20 created, with 297 basis functions.
Creating directory: acejulia/Si345_purify/24.20/ecost50.0/

Assembling linear problem elements: A, Y, W for basis set: 24.20.
Linear problem assembled, with 10300 rows and 297 columns.
Solving linear problem.
Iter     Function value   Gradient norm 
     0     3.491894e+04     3.880538e+04
 * time: 0.043250083923339844
     1     3.390351e+04     9.631388e+02
 * time: 0.8566961288452148
     2     2.368343e+04     1.610434e+03
 * time: 0.8860921859741211
     3     2.360504e+04     1.237065e+03
 * time: 0.9010121822357178
     4     2.356029e+04     8.388953e+02
 * time: 0.9072251319885254
     5     2.343756e+04     1.878379e+02
 * time: 0.917518138885498
     6     2.343214e+04     2.701498e+01
 * time: 0.9244132041931152
     7     2.343057e+04     2.829321e+01
 * time: 0.9381170272827148
     8     2.343039e+04     5.017039e+00
 * time: 0.9447650909423828
     9     2.343038e+04     1.270291e-01
 * time: 0.9516301155090332
    10     2.343038e+04     6.369790e-04
 * time: 0.9592301845550537
    11     2.343038e+04     9.855749e-08
 * time: 0.9757959842681885
    12     2.343038e+04     9.235588e-09
 * time: 0.9815850257873535
 * Status: success

 * Candidate solution
    Final objective value:     2.343038e+04

 * Found with
    Algorithm:     L-BFGS

 * Convergence measures
    |x - x'|               = 1.19e-10 ≤ 1.0e-08
    |x - x'|/|x'|          = 5.37e-11 ≰ 0.0e+00
    |f(x) - f(x')|         = 4.43e-09 ≰ 0.0e+00
    |f(x) - f(x')|/|f(x')| = 1.89e-13 ≰ 0.0e+00
    |g(x)|                 = 9.24e-09 ≰ 0.0e+00

 * Work counters
    Seconds run:   1  (vs limit Inf)
    Iterations:    12
    f(x) calls:    64
    ∇f(x) calls:   64

Linear problem solved, results: 
Dict("C" => [-7.272953681847876, 2.458376177355053, 4.25755014451666, -2.9424393841823604, 0.5700015062172675, 0.5852823894844423, -1.7016183427183393, 1.1157002554717972, 0.0027343248801932696, -0.37233177289264635, 0.4583306392508054, -0.5954551545052186, 0.7392912683392345, 0.061135518974282044, -0.48449607394384225, 0.222660158691178, -1.211116431083235, 0.6935515177946078, 0.5035751262158682, -0.4308465895409347, 2.500169994661271, -1.0806886507494091, 1.499738287244704, -0.4067965489097005, 0.6441956057027797, -0.2238371413343223, -0.04839810867279319, 0.27466042290608655, 0.10962680336257805, 0.10057733777730674, 0.34524546869893674, -0.04347633266329698, -0.167663956098588, 0.24958637809722378, 0.14732544082702823, 0.6713970116475031, 0.19884809828844632, -1.1442407387736155, 0.3191938365798792, -0.23631175719739864, 0.04471743047303155, 0.008939001713661117, 0.06968956306862448, 0.28324712747666286, -0.19977192162921467, -0.02180243686214775, 0.17725313538577553, 0.013933096620029374, 0.21246078231741677, 0.1005548974618964, -0.4548037666949674, -0.0922263403558817, 0.28799883695058676, -0.25666183200827364, -0.45630899476041503, 0.22188153523156343, 0.97581226626587, -0.2755466639052463, 0.21644672078779964, -0.12299257384079831, -0.22945289936867963, 0.25779525824088906, 0.07941926376020225, -0.23684681473231867, 0.43902438291215257, 0.4642922395987284, 0.044084095578848057, 0.20593731940969084, 0.16249966699029464, 0.5079632518311599, 0.11159643791541515, 0.30638581325918207, -0.19537555728507833, 0.24687594145196337, -0.4827489440983695, -0.15275844050951096, -0.10906666783405167, 0.1209213566003395, 0.2098492666254928, -0.3324678504162418, 0.6342518604258337, -0.17712089788144392, 0.6465519606451886, -0.009942114188260853, -0.1546416262320583, 0.19402750492086043, -0.10442862186490115, -0.9268332244093056, -0.5080572293080955, -0.07919973438551918, 0.6849287166055646, -0.08426708303459343, -0.6710241460864915, 0.22734494093289806, 0.06852370908390219, -0.1367781855139932, 0.13494177260655296, 0.005214014896379939, -0.3037731178954136, -0.08835699807278666, 0.28217738827375444, 0.06599256354227372, -0.660331978058536, -0.281569878667742, 0.1494363103991189, -0.3555556556534832, 0.27636266721549774, 0.043178529555824824, -0.20450208269609166, 0.11315741679550576, -0.08739157157132554, -0.20554128327298737, 0.44406320271642424, 0.21268992243878845, -0.5312049660220023, -0.08797593457733602, 0.2476124251455337, 0.22546926245731133, 0.010815433973877022, -0.5362159325113035, -0.1143728469284081, -0.35758189648839295, 0.13912890039765943, -0.10820865796077052, 0.4596871305420545, 0.16923648466482646, -0.036759729168506505, -0.24304412517289564, -0.41647066171063707, -0.38579950542211255, -0.2519583848686142, -0.15486360944712296, 0.42938802940130827, -0.4762020469343536, 0.09999156857588001, 0.11485021514189679, -0.19668411388157153, -0.029894567836386422, 0.6271346439972242, -0.298640859377837, -0.31749995283112253, 0.5655013300777069, 0.528068226774031, 0.34875558548670743, -0.4297201569167194, -0.6206557501014497, 0.06081995239820396, 0.019156743297313757, -0.31929133409614785, -0.16321804396493536, 0.013277954690466531, 0.19390801387306314, -0.3140488850954303, -0.1796395044775334, 0.08925593421983391, -0.3807994856612888, -0.13767607365078385, -0.14477412132129155, -0.7398356595141242, -0.2636139757202309, -0.2066170238577063, -0.5203802561589621, -0.33257402659986657, 0.21114119181247715, -0.25354815284001925, 0.29496432672392003, -0.1829404898750802, -0.07694550874465826, 0.26385773781450333, -0.18449099473644662, -0.3658242177697571, 0.12542267031709126, 0.8331861744345186, 0.5187676661833547, -0.5743116174493763, 0.3986605052824724, 0.10002227297934553, -0.2598808141584326, 0.13428007263302982, 0.18918558003604918, 0.14098181984017, -0.43575288203625073, -0.045882741311515686, 0.6021867451846092, -0.744606469069688, 0.752793705139584, 0.47449428490895473, -0.4048912018191713, -0.13401399321382437, -0.1338387515147166, 0.15160871542750626, -0.2770183549644307, -0.31623955023173017, 0.9671252442005048, -0.2579430725536784, 0.2745110672890237, -0.16262610961357865, -0.16495412486182473, -0.08699215945745079, -0.24217370013153608, -0.10838544429864343, -0.22059257753078526, -0.05936127812918075, 0.3648892814924811, -0.22218054171283722, 0.5541459919926124, -0.19002240149268204, -0.15036212128357843, -0.03622882793153931, 0.008149080787989867, -0.19711636561906468, 0.17071136254704192, 0.006623808348812469, -0.3812726066589988, -0.17796669547192376, -0.08006716245539627, -0.001955589797541788, -0.27526060951733805, 0.3051623796555305, -0.6374590508447128, 0.09195165534750337, 0.7690721410335757, -0.6068862948021708, 0.12735234536176507, -0.12842842372129215, 0.41701734288951936, 0.08303121042846257, 0.3172637527019905, -0.06216956475316279, 0.029419702019836902, 0.18314399842599513, 0.1614726998716944, -0.044998839199780864, 0.3650572002011172, 0.7556897971866819, 0.35118226590162627, 0.23602175705691683, -0.08572602938156833, 0.3961245980711012, -0.48049334348743455, 0.23531271160790784, -0.5533856130875032, -0.18892861662126564, 0.43203106157430454, -0.3087519476392638, -0.4520976462776399, 0.26481431094061453, -0.31668016055599335, -0.37060957205220113, -0.2474143329890214, -0.06765087306444091, -1.083334143858758, 0.7700668910505095, -0.5746886817849317, -0.6645618394277175, -0.012624834929864453, 0.0830952481909175, -0.24695848462568046, 0.15306552919702304, 0.061670936701749425, 0.0852663482005409, 0.3490818832829968, 0.014331137429484362, 0.317383909647768, 0.12915199628682503, -0.18982068610013852, -0.09728212088361689, 0.12125255857761348, -0.8193638508578721, 0.24785668400539188, -0.23478686104717938, 0.3743468779203938, -0.10684130759613657, 0.31860037173150435, -0.2889367335089649, -0.198961815175558, -0.5792525318826195, -0.34624810876822093, -0.3996706717474011, -0.13396016811558253, -0.3535087198127628, 0.10875623446140846, 0.4850147109244646, 0.010554980628558886, 0.39637547948833995, -0.1070243776874361, 0.06492576208311167, 0.5451811349382076, 0.09139088395623352, -0.18657599557565202, 0.17189806916642444, -0.1764029955217112, -0.1211446961087731, -0.3163286239343554, 0.47514498581769415, -0.09951076643007847, -0.08326462385839947])

Saving potential to acejulia/Si345_purify/24.20/ecost50.0/.

Creating basis for order 3, with per-correlation degrees [24, 20, 16].
r0 = 2.20707071, rcut = 6.0.
Basis for 24.20.16 created, with 802 basis functions.
Creating directory: acejulia/Si345_purify/24.20.16/ecost50.0/

Assembling linear problem elements: A, Y, W for basis set: 24.20.16.
Linear problem assembled, with 10300 rows and 802 columns.
Solving linear problem.
Iter     Function value   Gradient norm 
     0     1.318130e+04     6.701959e+03
 * time: 5.9604644775390625e-6
     1     1.088995e+04     3.271740e+03
 * time: 0.5397019386291504
     2     1.078163e+04     1.658552e+03
 * time: 0.5989229679107666
     3     1.076270e+04     1.947186e+02
 * time: 0.6380970478057861
     4     1.075758e+04     7.115800e+02
 * time: 0.715378999710083
     5     1.074636e+04     6.559404e+02
 * time: 0.8097319602966309
     6     1.073207e+04     4.640793e+02
 * time: 0.848613977432251
     7     1.072786e+04     1.680903e+02
 * time: 0.8872499465942383
     8     1.072764e+04     3.549890e+00
 * time: 0.9246439933776855
     9     1.072763e+04     3.645752e-02
 * time: 0.9626538753509521
    10     1.072763e+04     1.552367e-04
 * time: 1.0220019817352295
    11     1.072763e+04     3.111564e-07
 * time: 1.0604698657989502
    12     1.072763e+04     1.531834e-07
 * time: 1.1372308731079102
 * Status: success

 * Candidate solution
    Final objective value:     1.072763e+04

 * Found with
    Algorithm:     L-BFGS

 * Convergence measures
    |x - x'|               = 7.12e-11 ≤ 1.0e-08
    |x - x'|/|x'|          = 1.05e-10 ≰ 0.0e+00
    |f(x) - f(x')|         = 7.68e-08 ≰ 0.0e+00
    |f(x) - f(x')|/|f(x')| = 7.16e-12 ≰ 0.0e+00
    |g(x)|                 = 1.53e-07 ≰ 0.0e+00

 * Work counters
    Seconds run:   1  (vs limit Inf)
    Iterations:    12
    f(x) calls:    59
    ∇f(x) calls:   59

Linear problem solved, results: 
Dict("C" => [-5.217674743689323, -0.7004520343327689, 4.714087191675164, 0.8501278822438303, -3.019166442175387, 0.06480826576756703, 1.7055233043449507, -1.1797189400512615, -0.8782704537679727, 1.3936888989664478, 0.17352500971632748, -0.7375995492679287, 0.41361652529752163, 0.14291616121597708, -0.5201170774245992, 0.07213338941987063, 0.049426014477559066, -0.370968368589817, 0.36186654738139784, 0.4491715836190483, -0.016538722616088016, 0.5877947675211177, 0.056736772621383276, 0.3020524334073781, 1.4588145145598526, -0.6785792936090728, 0.5066495208525789, -0.3350550987244982, -0.13794689978139085, 1.0017116474771894, 0.18283882931569598, 0.5535858318587284, 0.9782507336440379, 0.03990898518920104, 0.028926903515437162, -0.39458387989262017, -0.44938198722276296, 0.34757422290969886, -0.352153189620879, -0.09058829538133187, 0.046223491558522, -0.019019891908725568, -0.006938858422324761, 1.2428469694043043, -0.5305828785215858, -0.008193317863338292, -0.6572876858070411, 0.1581419500480368, 1.4177299147147602, 0.6934972227886149, -0.12257597002987893, -0.47359794882834694, 0.45641910235865485, 0.863868091371952, 0.20267046738315506, 1.1944482981959446, -0.47270685680392355, 0.5275112983989134, -0.13499247469774378, 0.004366174521667766, -0.28355799196379855, 0.28683435830825926, -0.6542339555069377, 0.2809349912205683, 0.5961511066071484, -0.3462975749022123, 0.13159953474792965, -0.31864650490395585, -0.024159213773487658, 0.4909046225848168, 0.350066962782723, -0.05108833392686623, 0.024933492600691394, 0.7401626923371749, -0.595188921692003, -0.11554493618112452, 0.11359330709549564, -0.29238345057797155, 0.044766944973625385, -0.36321276159284277, -0.17343765239504652, -0.04341587106683991, 1.2655263192133466, 0.20841955783975322, 0.35544206206669765, 0.039607938051454884, 0.13608111073882043, -0.6549199344682797, 0.07745552936210358, -0.5150519566473196, -0.3921256586061388, 0.24365346908852487, -0.2481543928813261, 0.18455829618342767, 0.21435402726188377, -0.47455834782780215, -0.03781025866344922, 0.10648439855480003, 0.0752912829603905, 0.2971906075895341, 0.24730020667254157, 0.6630825157081409, 0.007590738693471869, -0.5915874344787957, 0.03197053664482442, -0.4167655224627179, 0.490683880024084, -0.06441936205111981, 0.14073018648939467, -0.02882631589971168, 0.35172360079558057, 0.25695569013298125, 0.8671711011017942, -0.2009899726191987, -0.38541424415405084, 0.43581338444452083, -0.4178061893083838, -0.35102863625490643, -0.14098952753188362, -0.13328256737032532, 0.7510324959915113, -0.2849497456270369, 0.08065963125177839, 0.01147530123869497, 0.020319779116617517, -0.5287244496156787, -0.2848929082412418, -0.1740663387124319, 0.04243640684380511, 0.6483615614604032, 0.4676369606688358, 0.06213964195171036, 0.28582954315489995, 0.09600806060087598, 0.2808471319912434, -0.239411682256853, -0.3654891091724704, 0.1049688031899787, -0.29940576029048255, -0.5168980366090182, -0.05112108576192362, 0.4533109670793226, -0.33944878960413105, 0.2114629748035739, 0.17531083595896851, -0.3657360625853394, -0.1587871347092618, 0.15099227204281265, -0.4534528293633765, -0.29451548859807886, 0.29672422397678944, -0.08847029490054105, -0.4926614490549716, 0.44238223175162866, 0.37202618811749005, -0.40820988663996655, -0.23057346848598695, -0.05858424706903897, -0.12547528434644034, -0.205044440960608, -0.23729356212035185, 0.05272927235640111, -0.47037695407041613, 0.047781912336376325, -0.09801129322550817, 0.19642413630416244, 0.38381049574923193, -0.3348845950634179, -0.472844772758708, 0.27735142899609283, 0.02383926005379701, 0.2994567322292914, 0.4949553415470638, -0.12726393627581317, 0.5545849415339691, -0.2261729822082241, 0.14486973562375952, -0.05486691245943024, -0.34705784938705764, 0.021246751433573925, -0.06604732269165452, -0.4596451482009646, 0.6100627063356847, -0.030293454360410418, 0.04069496410402681, 0.3099467569166833, -0.17638568147603279, -0.020384527619763188, -0.6125726714358826, 0.13751591523785056, 0.033751168201474314, 0.13271477615458527, 0.18358465696321638, 0.4619609681338523, 0.021740515653448925, -0.0035494311981200824, 0.45509855535334687, 0.675770649153189, 0.21727492797965842, 0.2606880174930909, 0.7195043336317883, 0.005494832338358579, -0.2901320601559616, 0.1887341771631235, -0.3179474754834792, 0.1449517644371397, 0.17553092172158477, -0.020175051437972737, -0.022319263359017242, 0.04363704270614468, -0.06328663517973007, 0.350702735319925, -0.18876278808033956, -0.7857660401260317, 0.03312390135983242, -0.6828882481774312, 0.2893457878870393, -0.3104602227078386, -0.06701512529263481, 0.1287509620464112, 0.10148739305490714, 1.145088725732995, 0.029609395027498778, 0.29114090704158174, -0.10067942812935247, -0.3006813903069306, -0.09368777377186242, -0.376656070793237, 0.1297752207493421, -0.04761565055277108, -0.2588861370724609, -0.062181891916890955, 0.5400242777115932, -0.4803692447990211, 0.11842868269490024, 0.4464564276253693, -0.005054892538014212, 0.45675056890913585, 0.11013277885773073, 0.020098692409029662, -0.11341049106356622, -0.023422874840881947, -0.0403139956859744, -0.11590609025655861, 0.029993900996559585, 0.10314796838483722, 0.31564154411920164, -0.1881571355847001, 0.01828572059929529, 0.036052454654089454, -0.1627737430293226, -0.575006734296871, 0.08637500280883863, -0.05096163067386839, -0.19245778064628108, 0.15761667190296813, -0.20955566390221236, 0.24912970343403246, -0.07473047888462934, -0.18418086231210978, -0.0002159110343272939, -0.40582035743943834, 0.059072715094478034, -0.5367198003218984, 0.17467927369271566, 0.3387159882141346, -0.020960519064922398, -0.2895264609404357, -0.04036284672978697, -0.3544877393520391, 0.06885229026901415, 0.5267068337458672, 0.12980187031024878, 0.22905601843139226, 0.07970752044826443, 0.4102417532888466, 0.4524997599924682, 0.1695832014210576, -0.02993905898159934, 0.2897765930278662, 0.13192782758614094, 0.08442308313849416, -0.5797429210173234, 0.30636516807666947, 0.05295462413222753, -0.2146762917753718, -0.3664059504019358, 0.11432381647037686, -0.7639265764960204, 0.529263635318165, -0.4339384601525403, 0.004119764498565234, -0.30941091317527464, 0.4126234624580486, -0.447000928439052, 0.1330384295757424, 0.0285959756484914, -0.6549187613693686, 0.27001669030761116, -0.6331889865664366, -0.4511344532613924, 0.36193052843777185, -0.9385528955282431, -0.6925725118240733, -0.401195755044344, -1.1956167833891211, -0.1826521086707656, -1.011682450680749, 0.12845090381722077, -0.3419694562380774, -0.17853761456493286, -1.4347486628657582, -0.5688728022291131, 0.869980683232739, 1.070928070843466, -0.24055271186516605, -0.3973364013763552, -0.06803453347564642, -0.44952427710956155, 0.9803726556402806, -0.20713991221220582, 0.4397160335028361, -0.42784474245286586, -0.26039953235146096, 0.5690380903201127, 1.0894372374246477, -1.0223090236423398, -0.9043756966041023, 0.54749390666249, -0.13640633273174027, -0.1362076692264598, 1.1661003709472315, 1.2233056715694468, -0.028999708013647246, -0.05649416752642724, -0.198991777349521, -0.3785258298063328, -0.9381969938446894, -0.6552078468317524, 0.02591872568610833, -0.1650832188335506, -0.8580527131884165, -1.1420845870681378, -0.71335456557448, -0.07357951360591741, -0.1387844417064664, 0.13805059997440852, 0.008497985262443282, 0.1821187895592328, -0.06487397002890118, -0.7017443321268809, -0.3941362345587411, 0.23147278781621927, 0.6883464919512142, 1.4159499862551934, 0.868747302199791, 0.2526628749207984, 0.6569307023712988, 1.331176543607845, -1.4796222052795567, -0.12037732703602726, -1.5060897907333288, 0.4972609320656538, 0.22494003940233548, -1.0089238980928827, 0.27227898046153787, -1.1959639727184619, -0.4185568573621517, -0.5322688032005864, 0.7442149038710953, 0.4545581461561289, -1.7155361929180866, -0.899791028975279, -0.3390512149515537, -1.0880274761012216, 0.037628903233376546, 0.020394956543732252, -0.7249823241722801, -0.47114150414415756, -0.36289769981947617, -0.0004303718462798252, 0.9116468652845549, 0.07639492196451667, 0.46829811432780194, 0.3151292508264435, -0.1172333079681612, -0.6334857151942892, -0.18858032571849498, 0.2650018555809651, -0.5288189852895461, 0.08201984079999987, -1.3446814932957418, -0.8232102478913677, 0.6383810475826581, -0.6037836314221945, 0.8413649383242653, -0.34245706014789307, -0.8097456184681414, -0.37728371939073085, 0.6267572740874564, 0.28588639948959443, 0.10777303997075123, -0.35918354844861206, -0.6215594618303865, -0.037030845161385016, -0.4815011898753922, -1.1724573865351002, 0.16044489806433498, -0.8025525045926674, -0.12490123012608625, -0.03461715869080924, 0.20621141559540673, 0.3605394262503838, -0.1630847089480528, -0.7930634222063828, 0.30633940934402043, -0.1783659738907058, 0.22852940174536782, 0.0544749801680309, -0.09548025600525992, 0.06518796678872478, 1.0923436430057427, -0.7118345885764794, 0.3085874636268372, -0.39429536099091805, 0.3755447256183491, 0.17942855437391977, -0.18321956007159884, 0.23527632377050264, -0.3459678964355928, 0.2012864031625364, -0.07719641855308439, -0.050599710577265325, -0.009174939478915164, 0.1471545571193183, 0.23627717318827965, -0.048451413393266904, 0.09762703960951681, -0.28333607423767115, 1.099543888485301, -0.016097094355770284, -0.018849720091386038, 0.9795165841296466, 0.2909171027156083, -0.28420405789595765, 0.0018834492601854718, 0.14228353014531275, -0.441332820388084, 0.025970662279065523, 0.05376218456042127, 1.828929836176101, -0.28364466567210417, 1.8227975277262856, 1.687730224653708, -0.12428855551077811, 0.3989665933789921, 0.8985815319321602, -0.8971932281937635, -0.8788219120127798, -0.6943730954735458, -0.15743811920176418, 0.5485192038624238, 0.10100562257706888, 0.08547063823293437, -0.2133393721460213, -0.01937135533545802, -1.1580106405858233, -0.17314378101077751, -1.3092146843271093, -0.2503477374646754, -0.7576636452353036, -0.004601328960287097, -1.4965700581390293, -0.166722394958181, -0.7413807049437225, -0.5461635348849441, -0.1404544976325932, 0.47053546783917716, -0.37167754374473994, 0.11368449061719277, 1.6281006191316991, -0.23300126138139676, -0.8180660499902561, 0.8373354379365431, -0.5575697418345386, 0.19695094048293452, -0.8441123455754141, -0.4252697365067114, 0.4306235798226623, 0.6971446450508971, 0.3956445949680532, -0.1437767811261545, 0.3258413372341208, -1.8736303291417928, 0.581708384847321, -0.6579586184171936, 0.17624974143473743, -0.09331171107266599, 0.3264151373933433, -0.2009987107005637, -0.9823991745451595, 0.7453000824021112, -1.5683704187478258, -0.22667105895892686, 0.2406318483771262, -0.3149429453487516, 0.1669387376521457, -0.061819273102528466, -0.8902629497590918, -0.186934546125827, -0.4649908059796725, -0.45140886361518057, -0.3023112779989225, -0.3744941620495097, 0.023248589915170082, -0.1333726074250243, 0.5944333705094742, 1.64791770127995, -0.780103789144715, -0.8031217070897777, 1.0895748251424269, -0.49300019536526873, 0.11532492027921629, -0.7187322020669792, -0.2764944780584366, -0.09161805704354294, -0.4356311057029557, -0.18559758768452464, 0.26066240883280356, 0.16638404961488448, -0.12842435163580715, -0.10243290853408157, 0.47937447293972485, -0.07263303308165799, -0.6657089501495335, 0.7229998675266569, -0.01708164061642285, -0.014104891950759495, 0.49144304370069536, -0.04544925713593609, -0.24861924054498732, 0.09646691952125849, -0.06448069932000232, 0.4946670297890275, -0.029136902260178683, 1.1984455528193259, 0.8930446206316834, 0.053210396834778656, 0.5845599650931623, -0.23772304816495834, 0.44751734526442627, 0.12784417449031948, -0.8007324920082936, -0.16328628715471938, 0.9310128970023506, 0.02215127425831219, 0.15287576317877682, -0.31774057538011363, 1.107982166999339, 0.4458755972378981, -1.1346403492292563, -1.2558093521923848, 0.6560580182173832, -0.7044653559307908, 0.47468004555584337, 0.5635897533524704, -0.3761006491549078, -0.19289030605663046, 0.6771553196011783, 0.31182665322475384, -0.06475018607700962, -0.06922028124885019, 0.15997564321867477, -0.6280695758049376, 0.39537126490169067, -0.7074332461429557, -0.41407102592300504, -0.654895513399251, 0.022744857819170752, 0.5372744371026877, -0.09762647182340088, 0.010190198243401997, 0.24700517471429684, -0.28356676652863, 0.21685716935877697, 0.8405331085784832, 0.1670502687310399, 0.2310198713800992, 0.46178533096386915, 0.04717504149151861, 0.11103869798633761, -0.38201344516818553, -0.4241189210811308, 0.5998028639309099, -0.04905711162252203, -0.06718155321913952, 0.28726744595255965, 0.005109782593423132, 0.0517904686753743, -0.023118872396655533, -0.6643290618907535, 0.292682936870475, 0.303253690604301, -0.4954433123666698, -0.3497144266992777, -0.3150184761868976, -0.22737572621612964, 0.21193045011705786, 0.023097560452937267, 0.25178273032116055, 0.5475086346978357, -0.18225339572583693, -0.006672939111093773, -0.3191254519378845, 0.00996253915481675, 0.2576457407021954, 0.17620875160707747, 0.1205405147549107, 0.2339587902685049, 0.15478300762276148, 0.09514329008309731, -0.03963345567322354, 0.005922255883985399, 0.2659376981829116, -0.1820864555844881, -0.13271625427640085, 0.06304942188511944, 0.6079379238021172, -0.3341741263413271, 0.2019507344052436, 0.10593024732945257, 0.8649027402422154, -1.1307449084601504, 2.3173267303942033, -0.3431034193787224, 0.5370372493444978, 0.08701758857994456, 0.04076831511040182, -0.031561008494724284, -0.7627183988356873, 0.2163176865376582, 0.38462804273801193, -0.9746402723815718, 0.0782785244822459, -0.9112538176569546, 0.02423455301595425, -0.15512524525343532, 0.005723388366876414, 0.35784989929842626, 0.06776077196156433, -0.3258391111227972, -0.0714055626929506, -0.20623935838227578, -0.11722303880437591, -0.5767936875522683, 0.19353539452979135, -0.3799510569486691, 0.6703739451840585, 0.8307231742772454, -0.11572775829783201, 1.0692022432589436, -0.020688899014067424, 0.4175315864034702, -0.41955140523057477, 0.17545637246378964, 0.019551014086632075, 0.14507624988753154, 0.11960532507431562, -0.44907750373833877, 0.9013253189514918, -1.0900110269232246, 0.18272018945837368, -0.4727931729949851, 0.10642393630455152, -0.07270323864493673, -0.0100799079312132, 0.1529167125282749, 0.21067336902356054, -0.03701086979276591, -0.7845718535508468, -1.6145765168269726, 0.7826423031666438, -0.4914484343373165, -0.3915292077956703, -1.39730856408011, 0.24295675197605815, 0.23906601680265088, -0.2785140620497906, -0.34415364709952717, 0.131623001049896, -0.12933264280622597, 0.10180927988040235, -0.9904267090192725, 0.981052442944751, -1.821043212472332, 0.23758276537093734, -0.582121409117176, -0.10060684437773179, 1.5455866552633932, -0.18757128881748092, 0.4026509557460422, -0.5197641647254162, 0.16354992727434722, -0.303818605178285, -0.09620033075613436, 1.1233599572634823, 0.44367876439963067, -0.6061962210098233, 0.24460537211400765, -0.8180743862013928, 0.15104163703354342, 0.013622878847830245, -0.06801157446584061, -0.8541728940155034, -0.4273878111482299, 2.0578786240011158, -0.7839127187732623, 0.5213411753281185, -0.22942298921739177, -1.1785564534937025, 0.46031314648557115, -0.28358730466897036, -0.18596653105298047, 0.03977046120288343, 0.07809560764678296, -0.0027302394314309415, 0.32056660361621697, 0.05627458717898122, 0.05896420667509445, -0.06567060774899511, -0.004178267373915545, -0.9177122444434612, 0.21942723614357057, 0.16662907407140523, -0.3637029730421421, 0.04267109561618463, 0.13184786761744044, 0.07401132862593411, 0.11858803206537012, -0.36261909989748586, 0.8052627406634623, -0.15140408553669174, -0.02473754499115948, -0.45701384890551094, -0.9638164836927526, -0.43523368052278033, 0.3726723398023049, -0.4146267168173894, 0.3073275293044899, -0.00505854208370255, -0.08624537931161028, 0.12758133450882225, 1.4340422267752433, -0.10757453412377455, 0.40059059831044086, -0.10214071864110053, 0.20260082143802705, 0.23273327096991567, -0.19061357302281343, -0.5495170584603999, -1.415512196514614, -0.1806571284698748, -0.47154169458012707, -0.03107927716050298, 0.4594534434357223, -0.09575148331334354, 0.5760131833402566, -0.16242768674401656, 0.08689422212653818, -0.013034323919565662, 0.29068136213343404, 0.011518880065540017, -0.008918369531896326, -0.20603857627173555, 0.3210598729179077, 0.2271792275912506, 0.2012165951064136, -0.473494759583769, 0.2392445143508112, -0.051337041129993495, 0.38901866622956394, 0.5195359460679706, -0.32668867255098505, -0.044558950386616, 0.1293913586848088, -0.08232410035558387, -0.1381478886277389, -0.2003542704475645, -0.028574687084281562, 0.24530278091532293, 0.26467892436697615, 0.09140381596147869, 0.06517063582487279, -0.22259211520859595, 0.134767720463413, 0.10639175774394063, -0.1415955126413795, -0.11100966393420705, 0.1348983496171504, 0.11386636716603418, -0.09127792453502197, 0.11342830216299356])

Saving potential to acejulia/Si345_purify/24.20.16/ecost50.0/.

Creating basis for order 4, with per-correlation degrees [24, 20, 16, 12].
r0 = 2.20707071, rcut = 6.0.
Basis for 24.20.16.12 created, with 929 basis functions.
Creating directory: acejulia/Si345_purify/24.20.16.12/ecost50.0/

Assembling linear problem elements: A, Y, W for basis set: 24.20.16.12.
Linear problem assembled, with 10300 rows and 929 columns.
Solving linear problem.
Iter     Function value   Gradient norm 
     0     1.294610e+04     7.485595e+03
 * time: 5.9604644775390625e-6
     1     9.859964e+03     6.501364e+03
 * time: 0.6321368217468262
     2     9.297778e+03     9.678993e+02
 * time: 1.363590955734253
     3     9.291280e+03     2.488767e+02
 * time: 1.412522792816162
     4     9.282003e+03     1.223876e+03
 * time: 1.5125608444213867
     5     9.242410e+03     1.073923e+03
 * time: 1.5887548923492432
     6     9.234630e+03     3.387176e+02
 * time: 1.6389918327331543
     7     9.233757e+03     2.348389e+01
 * time: 1.6886868476867676
     8     9.233741e+03     1.089525e+00
 * time: 1.762544870376587
     9     9.233741e+03     4.290791e-03
 * time: 1.835932970046997
    10     9.233741e+03     3.175135e-07
 * time: 1.889920949935913
    11     9.233741e+03     7.936248e-07
 * time: 1.9680838584899902
 * Status: success

 * Candidate solution
    Final objective value:     9.233741e+03

 * Found with
    Algorithm:     L-BFGS

 * Convergence measures
    |x - x'|               = 1.97e-10 ≤ 1.0e-08
    |x - x'|/|x'|          = 3.19e-10 ≰ 0.0e+00
    |f(x) - f(x')|         = 1.20e-07 ≰ 0.0e+00
    |f(x) - f(x')|/|f(x')| = 1.29e-11 ≰ 0.0e+00
    |g(x)|                 = 7.94e-07 ≰ 0.0e+00

 * Work counters
    Seconds run:   2  (vs limit Inf)
    Iterations:    11
    f(x) calls:    54
    ∇f(x) calls:   54

Linear problem solved, results: 
Dict("C" => [-2.621244951032553, -0.8319712766149643, 2.2108840983829183, 1.387023566270185, -1.0117208373353217, -1.245380451207928, 0.14641749526434214, 0.8064436563154501, -0.09062786384615468, -0.4408749464536179, 0.4595909044498616, 0.17151501665181543, -0.5030043930019883, 0.0844656478500282, 0.044860725815271674, -0.15922977104655917, 0.2980111295112516, -0.15436434045602482, -0.01728003653545474, 0.3332815478289351, -0.18977624022327788, 0.30068568439756305, -0.02909547945954719, 0.13958153468445234, -0.023080816091074867, -0.9415013354347324, 0.031196517254568876, 0.02275600455680502, 0.30366750429658246, 0.42664115202242436, -0.34806368998513404, 0.38255978945447044, 0.9887323540085384, 0.235444154432567, 0.10194474786457636, -0.12273846860779694, -0.2679102705582877, 0.06121781453084274, -0.2862979905251771, -0.12329422340929079, -0.036970510764093516, -0.021516244240759826, -0.018300665192058595, 0.010007686381717507, -0.9726056556183854, -0.16588542621929936, -0.3390443914357666, 0.13151688875586978, 0.7467239044878837, 0.2842308840810277, 0.09227785007483817, -0.15629387682143983, 0.2625679438290162, 0.5269104611240016, -0.07696922246632919, 0.7780841102787905, -0.37891137715524276, 0.3204293071520889, -0.052781953351022405, -0.2696290867266361, -0.055292767302590334, 0.41728221049758124, -0.2706223520916148, 0.3269782479186426, 0.37858497769882743, -0.14044959226192374, 0.503401242845154, -0.04408144129068457, -0.08262880288998843, 0.3920667556314743, 0.21738128149102715, -0.13084018589028676, -0.22732219170574436, 0.669826084087398, -0.4293771583084941, -0.3893844483984813, 0.0965562505917522, -0.25491405865279326, -0.33827913941920346, -0.4359610740766519, -0.23618233508898107, 0.03465990093554725, 0.44892691515004585, -0.03075349176755904, 0.1701043626496816, 0.5052467080875175, 0.006722646133656075, -0.549367998795568, 0.15886440606795255, -0.02795095773270611, -0.061752898294035095, 0.30677867490364125, -0.20427823458150615, 0.05509378292846393, 0.34115161744738726, -0.26247975764864945, -0.2054680060129927, 0.06892074123987445, -0.0898543625160296, 0.16600881929093464, 0.30338744986025373, 0.42481039008704763, 0.33599910189111093, -0.13831174629448298, 0.0018539143671165873, 0.05426968343416365, 0.16938064061551636, 0.21251816380265848, 0.008631803053361751, 0.07233529743201449, 0.34888566192625264, 0.37516691741324004, 0.867999799448296, -0.32754643300456615, -0.6374121903967883, 0.37168529152643454, -0.6073898415608645, -0.5435703324156487, 0.061581528788365154, -0.3052760722330289, 0.7014001931546783, -0.3093826467164189, 0.18362027876826442, 0.011252937425086035, 0.17454914166708654, -0.4054285577480268, -0.37828485200932416, -0.23895341535411294, 0.23330308664057334, 0.6811475967067167, 0.2167725573124885, 0.014303614542685602, 0.24867540540490962, -0.05285046247149415, 0.16215738079735206, -0.21604977371763628, -0.39450442723710866, 0.2549227491683964, -0.2936847059046315, -0.36356866466046067, -0.11921754971072915, 0.3231282462496321, -0.3265354139505384, 0.02780924545661802, 0.11569422324963563, -0.47641035122779657, -0.2519729578553063, 0.1140479773944562, -0.23490468895063524, -0.23451480893969187, 0.5268762561651652, -0.1123735918633954, -0.30462346359505743, 0.3124093326757971, 0.17058570520149816, 0.03294205523883993, 0.06284492962314131, -0.3703367994564555, -0.2552083740324024, -0.0401359294906454, -0.27674211367088397, -0.013730121565685753, -0.34848964670949445, 0.023629397462649804, -0.07580845440318651, -0.312366619190314, 0.5829210822448202, 0.027095547352327914, -0.49882522580352706, 0.4108228445519956, -0.14418436355132222, 0.04235273378816477, 0.6375432617564367, -0.2536087853872944, 0.5250506612551802, -0.18852063574296393, 0.10451388973072386, 0.12626515879337374, -0.50972852795231, -0.04085409973163481, -0.1310205219732591, -0.6754594201913475, 0.5212397796886129, -0.23473484083738955, 0.3600675717298924, 0.1800984941862142, -0.3123570131556815, -0.08777099031944643, -0.4673462477336587, 0.3036630688283932, -0.2327188556231224, 0.10130040349330395, 0.04277689308988983, 0.48947041503266286, -0.06048882654586284, 0.36437937619582267, 0.4385873704575639, 0.5350820608596559, 0.09620761446101325, 0.19458981832330055, 0.8842420183669404, 0.08083562742791131, -0.1832956369028111, 0.37064817766018704, -0.44934045587398613, 0.39945265310081907, 0.00895722166730773, 0.03836182686283305, -0.16964041734589627, -0.028260314424991717, 0.17666217295220812, 0.2647448461545132, -0.2799798906925452, -0.6578925034333276, 0.1496340774986764, -0.4435268252989683, 0.12865196833363438, -0.21114657731020267, -0.14757720522769757, 0.1108404377536234, 0.12679418502273648, 1.3239352166904848, 0.001544279280269007, 0.3923997468861919, -0.11165874349309604, -0.3674228882658446, -0.054245959518265476, -0.3806698257509989, 0.10802735379908593, -0.07747256443607808, -0.0904069579475381, 0.09609466262318746, 0.43086840744962096, -0.26857379051664904, 0.30521747195856064, 0.2701458703716263, -0.06856390460184883, 0.42912200836655573, 0.00042126525601485253, -0.03694910678297253, -0.06615503886046578, 0.02119137283290417, -0.009423415843955731, -0.17023742504730946, 0.1344322912854171, -0.41371722909530567, 0.3102689345200192, -0.35524856436588126, 0.13440524391366865, 0.08556568847156418, -0.382292715744335, -0.49473403231277385, -0.30664938254628105, -0.10803833030256817, -0.032318469479415426, 0.20940633167779057, -0.06320369658803877, 0.04973608544770398, 0.030733849757974427, 0.006729808430765638, -0.13219973531178, -0.2765372678434572, -0.059935415326443524, -0.36511914198796436, 0.19130340497093448, 0.17588791660872466, 0.0368948865280973, -0.5679913660556155, -0.15273593684518927, -0.10015353912780171, 0.06483691163792858, 0.4241066237794062, 0.2109253704356337, 0.20116773050560358, -0.05402475798004951, 0.24597085307922736, 0.18181846366546398, 0.30018787376109096, -0.11691288391171387, 0.3717585432721669, 0.04170607568481864, 0.2598865420833903, -0.20214396967138015, 0.37196690496434653, -0.002105238841204341, -0.16030636276645002, -0.3016927690343351, 0.0631689899999944, -0.7518613591731795, 0.3664520054145422, -0.41162133220916947, -0.1583063683606254, -0.18340833843979434, 0.34168065699912686, -0.33980453222435175, 0.14120621786243587, -0.002391047363943849, 0.8890398103322309, 0.3428928639305151, 0.1031395855047096, -0.2579524569945844, -0.5359828077758538, -0.7586015492816078, -0.19225920425585724, -0.14672841121973826, -0.7925298249775908, -0.45173117200517404, -0.6919149455451671, -0.2050192786515369, -0.1407396384999901, -0.1384490693703096, -0.6847327222821342, -0.5075682208482509, 0.42035877174561964, 0.7907741250218118, 0.5919575266960947, 1.2437781448180598, 0.0776514266713672, -1.2564678432865901, 0.7948653789750545, -0.08010286040433647, 0.5391101279442057, 0.24266311871253587, 0.048394483079656964, 0.2416182384323898, 0.2813758154921628, -1.3900938964673986, -1.308198712968696, -0.020823258180234522, -0.4983617983993817, 0.17803846306217788, 1.0633318293853993, -0.07418258755954782, 0.11193256404953374, -0.19945351498206784, -0.3249696247642396, -0.6133617292996475, -1.3598407243438064, -0.5798032471387213, 0.8100700695045042, 0.8756832725043272, -0.5711292765985488, -1.202219914981927, -0.6189146965125706, -0.32178691840947904, -0.1639836213124368, 0.04908099867320815, -0.009699519091369645, 0.26235280455176335, 0.015323559849964674, -0.2198605073898115, 0.24404077252170708, 0.36069204190059145, 0.4949692661390171, 1.4528402601062491, 0.7112910498050745, 0.015028785256823714, 0.7561397183783416, 1.0008012846339605, -1.4917659360443951, 0.17195018756850697, -1.5367199618375749, 0.35221192988129174, 0.11805401209399286, -0.7618600546475823, 0.552933044752902, -0.7653490541375563, -1.0187800783053116, -0.6615108299155834, 0.4623107315523389, -0.035476067279282715, -1.718639842475762, -1.074690139576543, -0.601135024135889, -0.8255688312030173, -0.006632583852311362, -0.04219904296858089, 0.22134777430310412, -0.39414192187695873, -0.5259576534996773, -0.022219833201874768, 0.5727869045401387, 0.08143754909876247, 0.541726790554937, 0.11215668770593018, -0.08377385040882987, -0.6280940665951175, -0.12948007767255382, 0.17934377829181278, -0.9190005047229292, -0.38790489551528406, -1.4679025129919854, -0.6290709806159124, 0.30711773529695924, -0.7017004901436867, 0.5469234323168128, -0.37445080354171434, -0.47815835341670476, -0.3380056715783496, 0.7840316456916427, 0.7699521352395404, -0.11326887435844574, -0.31179577148504906, -0.6825676714930234, -0.2650101013392241, -0.7379306110109182, -0.9221222504509036, 0.06614929153432562, -0.5935291525745513, -0.0485340046146823, -0.39703044253373465, -0.0796449793326911, -0.06273014481190356, -0.37452144740388243, -0.4433111073804098, 0.23198543561360233, -0.17151312325690207, 0.4992700993483171, -0.04338350937199943, -0.001940873870787113, -0.31813093300598155, 0.8142221846500997, -1.3661043666160246, 0.07155697519024794, -0.48118995355614186, 0.2540753020391244, 0.36616417856564554, -0.2689841454697654, 0.7996129707205568, -0.3453490713948697, 0.28458619475853103, 0.07595822457291419, 0.02239267280324521, 0.06091899690222837, 0.03375445944687359, 0.30514888069189916, -0.024288606479692294, 0.12054201484798477, -0.4999776892363536, 1.0015031908759824, 0.00825711462641903, 0.012671394163312328, 1.4358369152496617, 0.5069910812454703, 0.061913256856940026, -0.2827254568349972, 0.7052422251592566, -0.3623022776295289, -0.004224627785031565, 0.00866243971846811, 1.7789022308287674, 0.06466457283699051, 1.3634038895473164, 1.8901030971402164, -0.029874777290298454, 0.4091081003951734, 1.012890962122125, -1.0025147028882253, -0.6327345463955858, -0.6564992212574353, -0.6180222799559796, 0.2836840339977545, -0.3149482943206426, 0.31591929814352243, -0.25644365929783847, 0.13031435759310792, -1.115445619895153, 0.07543704709059211, -1.5179854380274036, -0.0936106402442316, -1.035669915390967, 0.2389304085864042, -1.7003935194187372, 0.31075592073328945, -0.7359350838764883, -0.3947425670234471, -0.24685533589148856, 0.5275554521613902, -0.32401378721970364, 0.11335317936876647, 0.581064703231947, -0.6348994043491223, -0.9413983270204854, 0.20017626400391927, -0.7774788809073128, 0.3919748482225439, -1.024476539761224, -0.22575434739463454, 0.24311139508605698, 0.4601773352887153, 0.04779657637114103, -1.0113519745300497, 0.5870654657134449, -1.4294373881065232, 0.8611436801550925, -0.7379628551058662, 0.25998356035566805, -0.14494823405184296, 0.12548817963480588, -0.4188135172222265, -1.0371531739526356, 0.9044032673790392, -1.5632648416113586, -0.11315971466773868, 0.3271167998958937, -0.2878461340372469, 0.1331205922902223, 0.02839821964312004, -0.6466498758349559, -0.24004358953468025, -0.2766077970383462, -0.11357024598002663, -0.5129608843680454, -0.20949464595094652, -0.07789272765224804, -0.04777081625494171, 0.29850270634906817, 1.481285658262343, -0.7041565017595404, -0.20508647771834151, 0.7760234040901015, -0.35853433567885457, 0.06974375704499719, -0.6506606769835119, 0.13941989157780454, -0.10476919730801305, -0.441870608451017, -0.09078980519845939, 0.3122330137425468, 0.23779891274935686, 0.06055148163545028, 0.17683981309695324, 0.5497210067936064, 0.0018899731954975213, -1.1071270764471106, 0.9136873315639625, 0.03891977442575651, -0.0036188888508132877, 0.07146220357229763, -0.023368950090051733, -0.14022385489845907, 0.03647000137735923, -0.049216625266532955, 0.47165132872681, 0.4526944699293457, 1.2230376289704714, 0.44592629323722, 0.2546076391956577, 0.4007902772893773, -0.29438216112527715, -0.3295293788978452, 0.19688631415264773, -1.1663885209049254, 0.09929215901245947, 0.49246252169594595, 0.04389294928003191, 0.7807291336229583, -0.4211286817637661, 1.5740697259979666, 0.30809527708634127, -0.8900455812691349, -1.1969108545435283, 0.5776094532724299, -0.6065784513944161, 0.45933023586238003, 0.5606668830132808, -1.2321017101606044, -0.04441547021044909, 0.8751187535846352, 0.1976195800747376, -0.6847176811955844, 0.21743809828776786, -0.01163710298048419, -0.5667764724485324, 0.2994745187410705, -0.9389440306157251, -0.3715512665503878, -0.6310232463395177, -0.1538069933452256, 0.6829364279597671, -0.10829952346393414, 0.10988558708440993, 0.23331178965559402, -0.3029703064572248, 0.23008757385004125, 0.3469393601171858, 0.14552440083743406, 0.15152395476365738, 0.2579236308639315, 0.05128820610454002, 0.0016230547764246267, -0.2943227366310894, -0.09866177088147433, 0.4961401230064072, -0.04670944062535223, 0.08777837550323593, 0.19317647473673688, 0.02046226304418517, 0.1742115294993674, 0.25258098890034025, -0.4822156131405665, 0.24827797748608435, 0.8398307163649068, -0.2986027222117555, -0.25084016286507627, -0.2764588821000246, -0.013142290237615605, 0.35201035028933675, -0.05860702984746639, 0.0016410978147903719, 0.558901485018581, -0.09465983648744818, -0.05236037393031011, -0.1746836515705908, -0.335354558614502, 0.12091748221205743, 0.13073139633563535, -0.037325352759822183, 0.4049066280203134, -0.05355118470764193, 0.21844282706500678, -0.09690975741948951, 0.020748621965551946, 0.4295997462103825, -0.17459871292580106, 0.247150516368228, 0.41770226033700747, 0.32195509334665673, -0.10132678472450735, 0.2145710548295097, 0.08010886248845889, 1.0290425951070377, -0.8766867412451977, 2.2840907055194455, -0.2931964177478134, 0.5051477929685184, 0.1137283150164887, 0.034531242510600725, 0.6332289578287296, -0.3354166539596451, 0.2378530062835647, 0.09796067989873841, -0.9976364019074453, 0.18199204097904886, -0.6134426247792069, 0.026675785692317332, -0.1716267936092943, -0.3525677114622797, 0.33874952728798735, 0.11684941585760737, -0.41794364753632923, -0.1468195830731113, -0.32373261190624225, -0.1400244963840126, -0.4359452647067547, 0.1896811278981782, -0.40928487060879853, 0.47614735279335835, 0.9297288462772059, -0.1193548137524873, 1.0344768469984886, -0.11678300958272513, 0.4428420897636385, -0.3700997315166687, 0.43509296814396886, -0.07806624893361794, 0.29063254087525353, 0.15065049461948615, -0.594838339269098, 0.9056646385128034, -0.9835593824544793, 0.26659188450543414, -0.38436571054147783, 0.1836766415297551, -0.27918929950984706, 0.08676059825555574, 0.15370172053261427, 0.18196626397321344, -0.03185937613716091, -0.3572430956816843, -1.1811979679851972, 0.6153406732549963, -0.9088881745689695, -0.3261839347662085, -0.5109562231605091, 0.2132513893149934, -0.40911383605506946, -0.2881694019104096, 0.19928006953813646, -0.21328874165708175, 0.01776192591983581, 0.0855242294383727, -0.8472667198076715, 0.9873706188756044, -1.6509999804684978, 0.20342134906410897, -0.4366247750907643, -0.05732658229602029, 2.0759645478060564, 0.12259485013295936, 0.6116000911349048, -0.5118349570986342, 0.37325814500251236, -0.39898535837049737, 0.14080425948517233, 0.9302060535937772, 0.3562773653788077, -0.5239804156807528, 0.3683635804831071, -0.5165900933585073, 0.3456255267266384, 0.019962309207986882, -0.2784695215385636, -0.6602414199348023, -0.30962912158297456, 1.9328000397636746, -0.6119140570415788, 0.3878694487430221, -0.20869048313252717, -0.8041648560969974, 0.31342572737171226, -0.33087023466032767, -0.328603466670572, 0.23081924187799496, 0.10295058127930892, 0.0027327164722650717, 0.1853089316867568, 0.08981871929314952, 0.1611301730847767, -0.20488576660098803, 0.08008357304727053, -1.007881419929233, 0.19078451325695017, 0.17783844453612205, -0.48880996027770496, 0.07747594376870665, 0.16300026395539816, 0.1858866750237785, 0.14219651922038445, -0.3518135720460648, 0.8449424966256, -0.23226832959593674, 0.09795234208340153, -0.5412141075128074, -0.7307739847236411, -0.39019562340711855, 0.07866029326833245, -0.22690642085593443, 0.15042553263089187, 0.005871831594176966, -0.05922631002295013, 0.6229353088870828, 1.0239592793297945, 0.035896803164856696, 0.3844207491406738, -0.10564260985685556, -0.018178901760012495, 0.39146932717271543, -0.10977288770202646, -0.658677932847657, -1.1543011637870237, -0.23496461955714548, -0.435247788867976, -0.09061531979976713, 0.5865286873130914, -0.2081167649632211, 0.5746418310952184, -0.05706487428068501, -0.11021814762709843, 0.05032813754726256, 0.13341673392237516, -0.003297765734463499, 0.007969689982572073, -0.20860283258809034, 0.3877640288020309, -0.1022318338040894, 0.14787635054376497, -0.09365532881681804, 0.0861739069560153, -0.0019368492293339622, 0.18643427010817273, 0.29440045787235847, -0.39105987840258644, -0.06890052135815722, 0.1477126343488075, -0.10021513949593427, -0.06786061238516253, -0.13052665649255452, 0.020300165163800277, 0.17687280818370968, 0.42661736886626367, 0.03555604785654127, 0.0900859032595525, -0.06811680173016837, 0.16360643104992445, 0.01319508510875861, -0.14733501710456523, -0.058570357857592105, 0.18524993925521208, 0.05307858552217796, -0.036829770948448824, 0.05883532684362733, -0.47344049673365524, 0.9618038104503929, -1.2009281025880427, -1.1448715989624354, 0.39285378443863994, 0.011671542056005488, -0.2492172478196541, 0.12119821786083397, -0.20738082907467226, -0.048905562018291784, -1.26799438411112, 1.088233962140827, 0.31114139275928054, 0.8305620778132814, -1.8179651291910053, -2.2329922974212058, -1.4852308673374695, -0.760612567653423, 0.5224976721571492, 0.4230014957869577, -0.5337251854090325, -0.05697018184559008, 0.7079636194337615, -0.377066133312126, 0.6138217973191833, 0.5294486962624594, -0.21088654108875277, -0.7737478538519819, 0.13477025865686157, 0.06664094046137901, -0.18246578408320854, -0.4513941104359203, 0.17496241070405252, -0.506979417867777, -0.07716356035365134, -0.03395194833305144, -1.053096663355775, 0.6912971063310115, 0.17929709538275318, -0.21843973619005932, 0.6352998495330299, 0.4881568731067054, -0.9176798483598827, 0.33559039149961856, 0.9352617794863411, 0.3409678417789914, -0.6542249459382448, -0.5087151435133556, -0.23516018136921216, 1.6307979588399601, 0.8696727889113017, -1.3945689199225508, -1.5130254289939657, 0.6397208928346058, 0.8472744922605436, -0.0007853149296967208, 0.36627129104092243, -0.023826842270846825, -0.6096699522237582, 0.00821301531866883, 1.3286775900268895, -1.113460484828705, 0.02854079750727438, -0.4558906590320235, 1.2552235467181683, -0.447272702920352, -0.5205223944760957, -0.943352727977028, 0.0663871423054489, 1.0122922978199216, 0.7965620087413935, -0.22728082701028562, -0.7728617805178751, 1.2793480023355728, -1.2716667707886484, -1.3458746609746624, -0.03579145077818359, 0.2710614913118509, 0.3202048428164659, 0.0856311973648496, -0.15212091039822342, 0.7539989585900172, 1.2919151488435332, -0.5128070073692246, -0.6113218418809105, -0.058499948241702536, -0.48295542191366403, -0.47987874412199716, -0.1656793775286575, 0.06542370820032264, -0.4290412182871141, 0.2545812910463775, -0.49354198474035244, -0.21986671758946358, -0.05922260115515645, -0.2988150036906032, -0.22436915638947452, 0.11179160727466216, 0.04862319641968968, -0.5078372166291293, -0.4021453777875917, 0.20233804608199701, -0.337365148543877, -0.01930289360208378, 0.157805838907039, 0.33190620957435296, 0.4214180645897073, 0.49812418247768403, 0.3736784883544423, -0.6464407987370382, -0.0772565513326546, -0.11255087216470108, -0.08328573490266604, -0.10900023121091743, -0.01861347410125692, 0.2128916068181434, -0.02432819120515071, 0.1783364690468721, 0.006775244391761778, 0.3636591992649382, 0.26203347472089134, 0.5600098796758664, 0.06236753914126322, 0.21067272873173498, -0.21211180986363293, 0.08701573157104787, 0.0039800837667710726])

Saving potential to acejulia/Si345_purify/24.20.16.12/ecost50.0/.
Thu Jun  5 23:26:29 CEST 2025
